INFO:__main__:🚀 Бот запускается...
INFO:__main__:✅ База данных инициализирована
INFO:__main__:🤖 Бот работает в режиме Long Polling
INFO:__main__:Напиши /start боту в Telegram!
INFO:aiogram.dispatcher:Start polling
INFO:aiogram.dispatcher:Run polling for bot @cloaknetvbot id=8287902513 - 'CloakNet чат-Bot'
INFO:aiogram.event:Update id=406094655 is handled. Duration 85 ms by bot id=8287902513
INFO:aiogram.event:Update id=406094656 is handled. Duration 122 ms by bot id=8287902513
INFO:aiogram.event:Update id=406094657 is handled. Duration 84 ms by bot id=8287902513
INFO:aiogram.event:Update id=406094658 is handled. Duration 46 ms by bot id=8287902513
INFO:aiogram.event:Update id=406094659 is handled. Duration 58 ms by bot id=8287902513
INFO:aiogram.event:Update id=406094660 is handled. Duration 33 ms by bot id=8287902513
INFO:aiogram.event:Update id=406094661 is not handled. Duration 1 ms by bot id=8287902513
INFO:aiogram.event:Update id=406094662 is handled. Duration 30 ms by bot id=8287902513
INFO:aiogram.event:Update id=406094663 is not handled. Duration 1 ms by bot id=8287902513
INFO:aiogram.event:Update id=406094664 is not handled. Duration 1 ms by bot id=8287902513
INFO:aiogram.event:Update id=406094665 is handled. Duration 62 ms by bot id=8287902513
INFO:aiogram.event:Update id=406094666 is handled. Duration 36 ms by bot id=8287902513
INFO:aiogram.event:Update id=406094667 is not handled. Duration 0 ms by bot id=8287902513
INFO:aiogram.event:Update id=406094668 is handled. Duration 34 ms by bot id=8287902513
INFO:aiogram.event:Update id=406094669 is handled. Duration 169 ms by bot id=8287902513
INFO:aiogram.event:Update id=406094670 is handled. Duration 83 ms by bot id=8287902513
INFO:aiogram.event:Update id=406094671 is handled. Duration 155 ms by bot id=8287902513
INFO:aiogram.event:Update id=406094672 is handled. Duration 239 ms by bot id=8287902513
INFO:aiogram.event:Update id=406094673 is handled. Duration 90 ms by bot id=8287902513
INFO:httpx:HTTP Request: GET https://pal.goodred.pro/api/internal-squads "HTTP/1.1 200 OK"
INFO:aiogram.event:Update id=406094674 is handled. Duration 470 ms by bot id=8287902513
INFO:aiogram.event:Update id=406094675 is handled. Duration 19 ms by bot id=8287902513
INFO:aiogram.event:Update id=406094676 is handled. Duration 18 ms by bot id=8287902513
INFO:aiogram.event:Update id=406094677 is handled. Duration 122 ms by bot id=8287902513
INFO:httpx:HTTP Request: POST https://pal.goodred.pro/api/users "HTTP/1.1 201 Created"
INFO:aiogram.event:Update id=406094678 is handled. Duration 300 ms by bot id=8287902513
INFO:aiogram.event:Update id=406094679 is handled. Duration 47 ms by bot id=8287902513
INFO:aiogram.event:Update id=406094680 is handled. Duration 43 ms by bot id=8287902513
INFO:aiogram.event:Update id=406094681 is handled. Duration 59 ms by bot id=8287902513
INFO:aiogram.event:Update id=406094682 is handled. Duration 50 ms by bot id=8287902513
INFO:aiogram.event:Update id=406094683 is handled. Duration 52 ms by bot id=8287902513
INFO:aiogram.event:Update id=406094684 is handled. Duration 70 ms by bot id=8287902513
INFO:aiogram.event:Update id=406094685 is handled. Duration 38 ms by bot id=8287902513
INFO:aiogram.event:Update id=406094686 is handled. Duration 57 ms by bot id=8287902513
INFO:aiogram.event:Update id=406094687 is handled. Duration 31 ms by bot id=8287902513
INFO:aiogram.event:Update id=406094688 is handled. Duration 53 ms by bot id=8287902513
/root/.openclaw/workspace/vpn-bot/bot/handlers/profile.py:310: RuntimeWarning: coroutine 'delete_unpaid.<locals>.del_user' was never awaited
  print(f"Error deleting user: {e}")
RuntimeWarning: Enable tracemalloc to get the object allocation traceback
INFO:aiogram.event:Update id=406094689 is handled. Duration 81 ms by bot id=8287902513
INFO:aiogram.event:Update id=406094690 is handled. Duration 52 ms by bot id=8287902513
INFO:aiogram.event:Update id=406094691 is handled. Duration 88 ms by bot id=8287902513
INFO:aiogram.event:Update id=406094692 is handled. Duration 140 ms by bot id=8287902513
INFO:aiogram.event:Update id=406094693 is handled. Duration 57 ms by bot id=8287902513
INFO:aiogram.event:Update id=406094694 is handled. Duration 117 ms by bot id=8287902513
INFO:httpx:HTTP Request: GET https://pal.goodred.pro/api/internal-squads "HTTP/1.1 200 OK"
INFO:aiogram.event:Update id=406094695 is handled. Duration 267 ms by bot id=8287902513
INFO:aiogram.event:Update id=406094696 is handled. Duration 21 ms by bot id=8287902513
INFO:aiogram.event:Update id=406094697 is handled. Duration 81 ms by bot id=8287902513
INFO:httpx:HTTP Request: POST https://pal.goodred.pro/api/users "HTTP/1.1 201 Created"
INFO:aiogram.event:Update id=406094698 is handled. Duration 423 ms by bot id=8287902513
INFO:aiogram.event:Update id=406094699 is handled. Duration 228 ms by bot id=8287902513
INFO:aiogram.event:Update id=406094700 is handled. Duration 47 ms by bot id=8287902513
INFO:aiogram.event:Update id=406094701 is handled. Duration 60 ms by bot id=8287902513
